
  /* MODELAGEM */ 

LIVROS


NOME_DO_LIVRO     - CARACTERE(50)
NOME_DO_AUTOR     - CARACTERE(20)
SEXO_DO_AUTOR     - CARACTERE(1)
NUMERO_DE_PAGINAS - NUMERICO(5000)
NOME_DA_EDITORA   - CARACTERE(15)
VALOR_DO_LIVRO    - NUMERICO(6)
ESTADO_DA_EDITORA - CARACTERE(2)
ANO_DE_PUBLICACAO - NUMERICO(4)



CREATE TABLE LIVROS(

NOME_DO_LIVRO      VARCHAR(50),
NOME_DO_AUTOR      VARCHAR(20),
SEXO_DO_AUTOR      CHAR(1),
NUMERO_DE_PAGINAS  INT(4),
NOME_DA_EDITORA    VARCHAR(15),
VALOR_DO_LIVRO     INT(6),
ESTADO_DA_EDITORA  CHAR(2),
ANO_DE_PUBLICACAO  INT(4) );


INSERT INTO LIVROS(NOME_DO_LIVRO,NOME_DO_AUTOR,SEXO_DO_AUTOR,NUMERO_DE_PAGINAS,NOME_DA_EDITORA,VALOR_DO_LIVRO,ESTADO_DA_EDITORA,ANO_DE_PUBLICACAO) VALUES('CAVALEIRO REAL','ANA CLAUDIA','F',465,'ATLAS',49.9,'RJ',2009);


INSERT INTO LIVROS(NOME_DO_LIVRO,NOME_DO_AUTOR,SEXO_DO_AUTOR,NUMERO_DE_PAGINAS,NOME_DA_EDITORA,VALOR_DO_LIVRO,ESTADO_DA_EDITORA,ANO_DE_PUBLICACAO) VALUES('SQL PARA LEIGOS','JOÃO NUNES','M',450,'ADDISON',98,'SP',2018);


SELECT * FROM LIVROS;


SELECT NOME_DO_LIVRO, NOME_DA_EDITORA FROM LIVROS;


SELECT NOME_DO_LIVRO, ESTADO_DA_EDITORA FROM LIVROS
WHERE SEXO_DO_AUTOR = 'M';


SELECT NOME_DO_LIVRO, NUMERO_DE_PAGINAS FROM LIVROS
WHERE SEXO_DO_AUTOR = 'F';


SELECT VALOR_DO_LIVRO FROM LIVROS
WHERE ESTADO_DA_EDITORA = 'SP';


SELECT SEXO_DO_AUTOR FROM LIVROS
WHERE ESTADO_DA_EDITORA = 'SP' OR 'RJ';
